[16:15:29.193][info] [#0:/home/aria/.config/coc/extensions/coc-sumneko-lua-data/sumneko-lua-ls/extension/server/main.lua:66]: Lua Lsp startup, root: 	/home/aria/.config/coc/extensions/coc-sumneko-lua-data/sumneko-lua-ls/extension/server
[16:15:29.193][info] [#0:/home/aria/.config/coc/extensions/coc-sumneko-lua-data/sumneko-lua-ls/extension/server/main.lua:67]: ROOT:	/home/aria/.config/coc/extensions/coc-sumneko-lua-data/sumneko-lua-ls/extension/server
[16:15:29.193][info] [#0:/home/aria/.config/coc/extensions/coc-sumneko-lua-data/sumneko-lua-ls/extension/server/main.lua:68]: LOGPATH:	/home/aria/.config/coc/extensions/coc-sumneko-lua-data/sumneko-lua-ls/extension/server/log
[16:15:29.193][info] [#0:/home/aria/.config/coc/extensions/coc-sumneko-lua-data/sumneko-lua-ls/extension/server/main.lua:69]: METAPATH:	/home/aria/.config/coc/extensions/coc-sumneko-lua-data/sumneko-lua-ls/extension/server/meta
[16:15:29.193][info] [#0:/home/aria/.config/coc/extensions/coc-sumneko-lua-data/sumneko-lua-ls/extension/server/main.lua:70]: VERSION:	3.6.18
[16:15:29.235][info] [#0:script/service/service.lua:144]: 
========= Medical Examination Report =========
    --------------- Memory ---------------
        Total: 2.092 MB
        # 00 : 2.092 MB
        # 01 : 0.000 MB
        # 02 : 0.000 MB
        # 03 : 0.000 MB
        # 04 : 0.000 MB
    --------------- Coroutine ---------------
        Total:     0
        Running:   0
        Suspended: 0
        Normal:    0
        Dead:      0
    --------------- Cache ---------------
        Total: 1
        Dead:  0
    ---------------  RPC  ---------------
        Holdon:   0
        Waiting:  0
==============================================
[16:15:29.243][info] [#0:script/client.lua:657]: Client init	{
  capabilities = {
    general = {
      markdown = {
        parser = "marked",
        version = "4.0.10"
      },
      positionEncodings = { "utf-16" },
      regularExpressions = {
        engine = "ECMAScript",
        version = "ES2020"
      },
      staleRequestSupport = {
        cancel = true,
        retryOnContentModified = { "textDocument/inlayHint", "textDocument/semanticTokens/full", "textDocument/semanticTokens/range", "textDocument/semanticTokens/full/delta" }
      }
    },
    textDocument = {
      callHierarchy = {
        dynamicRegistration = true
      },
      codeAction = {
        codeActionLiteralSupport = {
          codeActionKind = {
            valueSet = { "", "quickfix", "refactor", "refactor.extract", "refactor.inline", "refactor.rewrite", "source", "source.organizeImports" }
          }
        },
        dataSupport = true,
        disabledSupport = true,
        dynamicRegistration = true,
        honorsChangeAnnotations = false,
        isPreferredSupport = true,
        resolveSupport = {
          properties = { "edit" }
        }
      },
      codeLens = {
        dynamicRegistration = true
      },
      colorProvider = {
        dynamicRegistration = true
      },
      completion = {
        completionItem = {
          commitCharactersSupport = true,
          deprecatedSupport = true,
          documentationFormat = { "markdown", "plaintext" },
          insertReplaceSupport = true,
          insertTextModeSupport = {
            valueSet = { 1, 2 }
          },
          labelDetailsSupport = true,
          preselectSupport = true,
          resolveSupport = {
            properties = { "documentation", "detail", "additionalTextEdits" }
          },
          snippetSupport = true,
          tagSupport = {
            valueSet = { 1 }
          }
        },
        completionItemKind = {
          valueSet = { 1, 2, 3, 4, 5, 6, 7, 8, 9, 10, 11, 12, 13, 14, 15, 16, 17, 18, 19, 20, 21, 22, 23, 24, 25 }
        },
        completionList = {
          itemDefaults = { "commitCharacters", "editRange", "insertTextFormat", "insertTextMode" }
        },
        contextSupport = true,
        dynamicRegistration = true,
        insertTextMode = 2
      },
      declaration = {
        dynamicRegistration = true,
        linkSupport = true
      },
      definition = {
        dynamicRegistration = true,
        linkSupport = true
      },
      diagnostic = {
        dynamicRegistration = true,
        relatedDocumentSupport = true
      },
      documentHighlight = {
        dynamicRegistration = true
      },
      documentLink = {
        dynamicRegistration = true,
        tooltipSupport = true
      },
      documentSymbol = {
        dynamicRegistration = true,
        hierarchicalDocumentSymbolSupport = true,
        labelSupport = true,
        symbolKind = {
          valueSet = { 1, 2, 3, 4, 5, 6, 7, 8, 9, 10, 11, 12, 13, 14, 15, 16, 17, 18, 19, 20, 21, 22, 23, 24, 25, 26 }
        },
        tagSupport = {
          valueSet = { 1 }
        }
      },
      foldingRange = {
        dynamicRegistration = true,
        foldingRange = {
          collapsedText = false
        },
        foldingRangeKind = {
          valueSet = { "comment", "imports", "region" }
        },
        lineFoldingOnly = true,
        rangeLimit = 5000
      },
      formatting = {
        dynamicRegistration = true
      },
      hover = {
        contentFormat = { "markdown", "plaintext" },
        dynamicRegistration = true
      },
      implementation = {
        dynamicRegistration = true,
        linkSupport = true
      },
      inlayHint = {
        dynamicRegistration = true,
        resolveSupport = {
          properties = { "tooltip", "textEdits", "label.tooltip", "label.location", "label.command" }
        }
      },
      inlineValue = {
        dynamicRegistration = true
      },
      linkedEditingRange = {
        dynamicRegistration = true
      },
      onTypeFormatting = {
        dynamicRegistration = true
      },
      publishDiagnostics = {
        codeDescriptionSupport = true,
        dataSupport = true,
        relatedInformation = true,
        tagSupport = {
          valueSet = { 1, 2 }
        },
        versionSupport = true
      },
      rangeFormatting = {
        dynamicRegistration = true
      },
      references = {
        dynamicRegistration = true
      },
      rename = {
        dynamicRegistration = true,
        honorsChangeAnnotations = true,
        prepareSupport = true,
        prepareSupportDefaultBehavior = 1
      },
      selectionRange = {
        dynamicRegistration = true
      },
      semanticTokens = {
        augmentsSyntaxTokens = true,
        dynamicRegistration = true,
        formats = { "relative" },
        multilineTokenSupport = false,
        overlappingTokenSupport = false,
        requests = {
          full = {
            delta = true
          },
          range = true
        },
        serverCancelSupport = true,
        tokenModifiers = { "declaration", "definition", "readonly", "static", "deprecated", "abstract", "async", "modification", "documentation", "defaultLibrary" },
        tokenTypes = { "namespace", "type", "class", "enum", "interface", "struct", "typeParameter", "parameter", "variable", "property", "enumMember", "event", "function", "method", "macro", "keyword", "modifier", "comment", "string", "number", "regexp", "decorator", "operator" }
      },
      signatureHelp = {
        contextSupport = true,
        dynamicRegistration = true,
        signatureInformation = {
          activeParameterSupport = true,
          documentationFormat = { "markdown", "plaintext" },
          parameterInformation = {
            labelOffsetSupport = true
          }
        }
      },
      synchronization = {
        didSave = true,
        dynamicRegistration = true,
        willSave = true,
        willSaveWaitUntil = true
      },
      typeDefinition = {
        dynamicRegistration = true,
        linkSupport = true
      },
      typeHierarchy = {
        dynamicRegistration = true
      }
    },
    window = {
      showDocument = {
        support = true
      },
      showMessage = {
        messageActionItem = {
          additionalPropertiesSupport = true
        }
      },
      workDoneProgress = true
    },
    workspace = {
      applyEdit = true,
      codeLens = {
        refreshSupport = true
      },
      configuration = true,
      diagnostics = {
        refreshSupport = true
      },
      didChangeConfiguration = {
        dynamicRegistration = true
      },
      didChangeWatchedFiles = {
        dynamicRegistration = true,
        relativePatternSupport = true
      },
      executeCommand = {
        dynamicRegistration = true
      },
      fileOperations = {
        didCreate = true,
        didDelete = true,
        didRename = true,
        dynamicRegistration = true,
        willCreate = true,
        willDelete = true,
        willRename = true
      },
      inlayHint = {
        refreshSupport = true
      },
      inlineValue = {
        refreshSupport = true
      },
      semanticTokens = {
        refreshSupport = true
      },
      symbol = {
        dynamicRegistration = true,
        resolveSupport = {
          properties = { "location.range" }
        },
        symbolKind = {
          valueSet = { 1, 2, 3, 4, 5, 6, 7, 8, 9, 10, 11, 12, 13, 14, 15, 16, 17, 18, 19, 20, 21, 22, 23, 24, 25, 26 }
        },
        tagSupport = {
          valueSet = { 1 }
        }
      },
      workspaceEdit = {
        changeAnnotationSupport = {
          groupsOnLabel = false
        },
        documentChanges = true,
        failureHandling = "undo",
        normalizesLineEndings = true,
        resourceOperations = { "create", "rename", "delete" }
      },
      workspaceFolders = true
    }
  },
  clientInfo = {
    name = "coc.nvim",
    version = "0.0.82"
  },
  initializationOptions = {
    changeConfiguration = true
  },
  locale = "en_US",
  processId = 2334,
  rootPath = "/mnt/c/Users/darea/Documents/Coding Arya/Python/sycpl",
  rootUri = "file:///mnt/c/Users/darea/Documents/Coding%20Arya/Python/sycpl",
  trace = "off",
  workDoneToken = "6be53132-31a2-49d0-a580-15637ebda550",
  workspaceFolders = { {
      name = "sycpl",
      uri = "file:///mnt/c/Users/darea/Documents/Coding%20Arya/Python/sycpl"
    } }
}
[16:15:29.244][info] [#0:script/language.lua:137]: VSC language: en-us
[16:15:29.244][info] [#0:script/language.lua:138]: LS  language: en-us
[16:15:29.244][info] [#0:script/workspace/workspace.lua:38]: Workspace init root: 	file:///mnt/c/Users/darea/Documents/Coding%20Arya/Python/sycpl
[16:15:29.244][info] [#0:script/workspace/workspace.lua:42]: Log path: 	/home/aria/.config/coc/extensions/coc-sumneko-lua-data/sumneko-lua-ls/extension/server/log/file_mnt_c_Users_darea_Documents_Coding%20Arya_Python_sycpl.log
[16:15:29.245][info] [#0:script/workspace/workspace.lua:48]: Workspace create: 	file:///mnt/c/Users/darea/Documents/Coding%20Arya/Python/sycpl
[16:15:29.451][info] [#0:script/provider/provider.lua:46]: Load config from client	file:///mnt/c/Users/darea/Documents/Coding%20Arya/Python/sycpl
[16:15:29.453][info] [#0:script/provider/provider.lua:47]: {
  Lua = {
    codeLens = {
      enable = false
    },
    completion = {
      autoRequire = true,
      callSnippet = "Disable",
      displayContext = 0,
      enable = true,
      keywordSnippet = "Replace",
      postfix = "@",
      requireSeparator = ".",
      showParams = true,
      showWord = "Fallback",
      workspaceWord = true
    },
    diagnostics = {
      disable = {},
      disableScheme = { "git" },
      enable = true,
      globals = {},
      groupFileStatus = {},
      groupSeverity = {},
      ignoredFiles = "Opened",
      libraryFiles = "Opened",
      neededFileStatus = {},
      severity = {},
      unusedLocalExclude = {},
      workspaceDelay = 3000,
      workspaceEvent = "OnSave",
      workspaceRate = 100
    },
    doc = {
      packageName = {},
      privateName = {},
      protectedName = {}
    },
    format = {
      defaultConfig = {},
      enable = true
    },
    hint = {
      arrayIndex = "Auto",
      await = true,
      enable = true,
      paramName = "All",
      paramType = true,
      semicolon = "SameLine",
      setType = false
    },
    hover = {
      enable = true,
      enumsLimit = 5,
      expandAlias = true,
      previewFields = 50,
      viewNumber = true,
      viewString = true,
      viewStringMax = 1000
    },
    misc = {
      executablePath = "",
      parameters = {}
    },
    runtime = {
      builtin = {},
      fileEncoding = "utf8",
      meta = "${version} ${language} ${encoding}",
      nonstandardSymbol = {},
      path = { "?.lua", "?/init.lua" },
      pathStrict = false,
      plugin = "",
      pluginArgs = {},
      special = {},
      unicodeName = false,
      version = "Lua 5.4"
    },
    semantic = {
      annotation = true,
      enable = true,
      keyword = false,
      variable = true
    },
    signatureHelp = {
      enable = true
    },
    spell = {
      dict = {}
    },
    type = {
      castNumberToInteger = true,
      weakNilCheck = false,
      weakUnionCheck = false
    },
    typeFormat = {
      config = {}
    },
    window = {
      progressBar = true,
      statusBar = true
    },
    workspace = {
      checkThirdParty = true,
      ignoreDir = { ".vscode" },
      ignoreSubmodules = true,
      library = {},
      maxPreload = 5000,
      preloadFileSize = 500,
      useGitIgnore = true,
      userThirdParty = {}
    }
  }
}
[16:15:29.557][info] [#0:script/provider/completion.lua:43]: Enable completion.
[16:15:29.557][info] [#0:script/provider/provider.lua:61]: Load config from client	fallback
[16:15:29.558][info] [#0:script/provider/provider.lua:62]: {
  Lua = {
    codeLens = {
      enable = false
    },
    completion = {
      autoRequire = true,
      callSnippet = "Disable",
      displayContext = 0,
      enable = true,
      keywordSnippet = "Replace",
      postfix = "@",
      requireSeparator = ".",
      showParams = true,
      showWord = "Fallback",
      workspaceWord = true
    },
    diagnostics = {
      disable = {},
      disableScheme = { "git" },
      enable = true,
      globals = {},
      groupFileStatus = {},
      groupSeverity = {},
      ignoredFiles = "Opened",
      libraryFiles = "Opened",
      neededFileStatus = {},
      severity = {},
      unusedLocalExclude = {},
      workspaceDelay = 3000,
      workspaceEvent = "OnSave",
      workspaceRate = 100
    },
    doc = {
      packageName = {},
      privateName = {},
      protectedName = {}
    },
    format = {
      defaultConfig = {},
      enable = true
    },
    hint = {
      arrayIndex = "Auto",
      await = true,
      enable = true,
      paramName = "All",
      paramType = true,
      semicolon = "SameLine",
      setType = false
    },
    hover = {
      enable = true,
      enumsLimit = 5,
      expandAlias = true,
      previewFields = 50,
      viewNumber = true,
      viewString = true,
      viewStringMax = 1000
    },
    misc = {
      executablePath = "",
      parameters = {}
    },
    runtime = {
      builtin = {},
      fileEncoding = "utf8",
      meta = "${version} ${language} ${encoding}",
      nonstandardSymbol = {},
      path = { "?.lua", "?/init.lua" },
      pathStrict = false,
      plugin = "",
      pluginArgs = {},
      special = {},
      unicodeName = false,
      version = "Lua 5.4"
    },
    semantic = {
      annotation = true,
      enable = true,
      keyword = false,
      variable = true
    },
    signatureHelp = {
      enable = true
    },
    spell = {
      dict = {}
    },
    type = {
      castNumberToInteger = true,
      weakNilCheck = false,
      weakUnionCheck = false
    },
    typeFormat = {
      config = {}
    },
    window = {
      progressBar = true,
      statusBar = true
    },
    workspace = {
      checkThirdParty = true,
      ignoreDir = { ".vscode" },
      ignoreSubmodules = true,
      library = {},
      maxPreload = 5000,
      preloadFileSize = 500,
      useGitIgnore = true,
      userThirdParty = {}
    }
  }
}
[16:15:29.659][info] [#0:script/library.lua:212]: Init builtin library at:	file:///mnt/c/Users/darea/Documents/Coding%20Arya/Python/sycpl
[16:15:29.697][info] [#0:script/plugin.lua:86]: plugin path:	/mnt/c/Users/darea/Documents/Coding Arya/Python/sycpl
[16:15:29.698][warn] [#0:script/plugin.lua:101]: plugin not found:	/mnt/c/Users/darea/Documents/Coding Arya/Python/sycpl
[16:15:29.699][info] [#0:script/library.lua:212]: Init builtin library at:	nil
[16:15:29.957][info] [#0:script/workspace/workspace.lua:322]: Preload start:	file:///mnt/c/Users/darea/Documents/Coding%20Arya/Python/sycpl
[16:15:29.982][info] [#0:script/workspace/workspace.lua:328]: Scan files at:	file:///mnt/c/Users/darea/Documents/Coding%20Arya/Python/sycpl
[16:15:30.019][info] [#0:script/workspace/workspace.lua:322]: Preload start:	<fallback>
[16:15:30.023][info] [#0:script/workspace/workspace.lua:351]: Scan library at:	file:///home/aria/.config/coc/extensions/coc-sumneko-lua-data/sumneko-lua-ls/extension/server/meta/Lua%205.4%20en-us%20utf8/math.lua
[16:15:30.024][info] [#0:script/workspace/workspace.lua:351]: Scan library at:	file:///home/aria/.config/coc/extensions/coc-sumneko-lua-data/sumneko-lua-ls/extension/server/meta/Lua%205.4%20en-us%20utf8/basic.lua
[16:15:30.024][info] [#0:script/workspace/workspace.lua:351]: Scan library at:	file:///home/aria/.config/coc/extensions/coc-sumneko-lua-data/sumneko-lua-ls/extension/server/meta/Lua%205.4%20en-us%20utf8/io.lua
[16:15:30.025][info] [#0:script/workspace/workspace.lua:351]: Scan library at:	file:///home/aria/.config/coc/extensions/coc-sumneko-lua-data/sumneko-lua-ls/extension/server/meta/Lua%205.4%20en-us%20utf8/os.lua
[16:15:30.025][info] [#0:script/workspace/workspace.lua:351]: Scan library at:	file:///home/aria/.config/coc/extensions/coc-sumneko-lua-data/sumneko-lua-ls/extension/server/meta/Lua%205.4%20en-us%20utf8/math.lua
[16:15:30.025][info] [#0:script/workspace/workspace.lua:351]: Scan library at:	file:///home/aria/.config/coc/extensions/coc-sumneko-lua-data/sumneko-lua-ls/extension/server/meta/Lua%205.4%20en-us%20utf8/utf8.lua
[16:15:30.025][info] [#0:script/workspace/workspace.lua:351]: Scan library at:	file:///home/aria/.config/coc/extensions/coc-sumneko-lua-data/sumneko-lua-ls/extension/server/meta/Lua%205.4%20en-us%20utf8/basic.lua
[16:15:30.025][info] [#0:script/workspace/workspace.lua:351]: Scan library at:	file:///home/aria/.config/coc/extensions/coc-sumneko-lua-data/sumneko-lua-ls/extension/server/meta/Lua%205.4%20en-us%20utf8/package.lua
[16:15:30.025][info] [#0:script/workspace/workspace.lua:351]: Scan library at:	file:///home/aria/.config/coc/extensions/coc-sumneko-lua-data/sumneko-lua-ls/extension/server/meta/Lua%205.4%20en-us%20utf8/io.lua
[16:15:30.026][info] [#0:script/workspace/workspace.lua:351]: Scan library at:	file:///home/aria/.config/coc/extensions/coc-sumneko-lua-data/sumneko-lua-ls/extension/server/meta/Lua%205.4%20en-us%20utf8/debug.lua
[16:15:30.026][info] [#0:script/workspace/workspace.lua:351]: Scan library at:	file:///home/aria/.config/coc/extensions/coc-sumneko-lua-data/sumneko-lua-ls/extension/server/meta/Lua%205.4%20en-us%20utf8/os.lua
[16:15:30.026][info] [#0:script/workspace/workspace.lua:351]: Scan library at:	file:///home/aria/.config/coc/extensions/coc-sumneko-lua-data/sumneko-lua-ls/extension/server/meta/Lua%205.4%20en-us%20utf8/coroutine.lua
[16:15:30.026][info] [#0:script/workspace/workspace.lua:351]: Scan library at:	file:///home/aria/.config/coc/extensions/coc-sumneko-lua-data/sumneko-lua-ls/extension/server/meta/Lua%205.4%20en-us%20utf8/utf8.lua
[16:15:30.026][info] [#0:script/workspace/workspace.lua:351]: Scan library at:	file:///home/aria/.config/coc/extensions/coc-sumneko-lua-data/sumneko-lua-ls/extension/server/meta/Lua%205.4%20en-us%20utf8/table.lua
[16:15:30.027][info] [#0:script/workspace/workspace.lua:351]: Scan library at:	file:///home/aria/.config/coc/extensions/coc-sumneko-lua-data/sumneko-lua-ls/extension/server/meta/Lua%205.4%20en-us%20utf8/package.lua
[16:15:30.027][info] [#0:script/workspace/workspace.lua:351]: Scan library at:	file:///home/aria/.config/coc/extensions/coc-sumneko-lua-data/sumneko-lua-ls/extension/server/meta/Lua%205.4%20en-us%20utf8/builtin.lua
[16:15:30.027][info] [#0:script/workspace/workspace.lua:351]: Scan library at:	file:///home/aria/.config/coc/extensions/coc-sumneko-lua-data/sumneko-lua-ls/extension/server/meta/Lua%205.4%20en-us%20utf8/debug.lua
[16:15:30.027][info] [#0:script/workspace/workspace.lua:351]: Scan library at:	file:///home/aria/.config/coc/extensions/coc-sumneko-lua-data/sumneko-lua-ls/extension/server/meta/Lua%205.4%20en-us%20utf8/string.lua
[16:15:30.027][info] [#0:script/workspace/workspace.lua:351]: Scan library at:	file:///home/aria/.config/coc/extensions/coc-sumneko-lua-data/sumneko-lua-ls/extension/server/meta/Lua%205.4%20en-us%20utf8/coroutine.lua
[16:15:30.027][info] [#0:script/workspace/workspace.lua:351]: Scan library at:	file:///home/aria/.config/coc/extensions/coc-sumneko-lua-data/sumneko-lua-ls/extension/server/meta/Lua%205.4%20en-us%20utf8/table.lua
[16:15:30.028][info] [#0:script/workspace/workspace.lua:351]: Scan library at:	file:///home/aria/.config/coc/extensions/coc-sumneko-lua-data/sumneko-lua-ls/extension/server/meta/Lua%205.4%20en-us%20utf8/builtin.lua
[16:15:30.028][info] [#0:script/workspace/workspace.lua:351]: Scan library at:	file:///home/aria/.config/coc/extensions/coc-sumneko-lua-data/sumneko-lua-ls/extension/server/meta/Lua%205.4%20en-us%20utf8/string.lua
[16:15:30.128][info] [#0:script/workspace/workspace.lua:377]: Found 11 files at:	<fallback>
[16:15:30.129][info] [#0:script/workspace/loading.lua:161]: Load files from disk:	<fallback>
[16:15:30.129][info] [#0:script/workspace/workspace.lua:377]: Found 11 files at:	file:///mnt/c/Users/darea/Documents/Coding%20Arya/Python/sycpl
[16:15:30.129][info] [#0:script/workspace/loading.lua:161]: Load files from disk:	file:///mnt/c/Users/darea/Documents/Coding%20Arya/Python/sycpl
[16:15:30.133][info] [#0:script/workspace/loading.lua:101]: Preload file at: file:///home/aria/.config/coc/extensions/coc-sumneko-lua-data/sumneko-lua-ls/extension/server/meta/Lua%205.4%20en-us%20utf8/string.lua , size = 6.302 KB
[16:15:30.148][info] [#0:script/workspace/loading.lua:113]: ++++As library of:	file:///home/aria/.config/coc/extensions/coc-sumneko-lua-data/sumneko-lua-ls/extension/server/meta/Lua%205.4%20en-us%20utf8/string.lua
[16:15:30.148][info] [#0:script/workspace/loading.lua:98]: Skip loaded file: file:///home/aria/.config/coc/extensions/coc-sumneko-lua-data/sumneko-lua-ls/extension/server/meta/Lua%205.4%20en-us%20utf8/string.lua
[16:15:30.150][info] [#0:script/workspace/loading.lua:101]: Preload file at: file:///home/aria/.config/coc/extensions/coc-sumneko-lua-data/sumneko-lua-ls/extension/server/meta/Lua%205.4%20en-us%20utf8/builtin.lua , size = 0.302 KB
[16:15:30.151][info] [#0:script/workspace/loading.lua:113]: ++++As library of:	file:///home/aria/.config/coc/extensions/coc-sumneko-lua-data/sumneko-lua-ls/extension/server/meta/Lua%205.4%20en-us%20utf8/builtin.lua
[16:15:30.151][info] [#0:script/workspace/loading.lua:89]: Skip loaded file: file:///home/aria/.config/coc/extensions/coc-sumneko-lua-data/sumneko-lua-ls/extension/server/meta/Lua%205.4%20en-us%20utf8/builtin.lua
[16:15:30.151][info] [#0:script/workspace/loading.lua:113]: ++++As library of:	file:///home/aria/.config/coc/extensions/coc-sumneko-lua-data/sumneko-lua-ls/extension/server/meta/Lua%205.4%20en-us%20utf8/builtin.lua
[16:15:30.151][info] [#0:script/workspace/loading.lua:101]: Preload file at: file:///home/aria/.config/coc/extensions/coc-sumneko-lua-data/sumneko-lua-ls/extension/server/meta/Lua%205.4%20en-us%20utf8/table.lua , size = 4.230 KB
[16:15:30.156][info] [#0:script/workspace/loading.lua:113]: ++++As library of:	file:///home/aria/.config/coc/extensions/coc-sumneko-lua-data/sumneko-lua-ls/extension/server/meta/Lua%205.4%20en-us%20utf8/table.lua
[16:15:30.156][info] [#0:script/workspace/loading.lua:98]: Skip loaded file: file:///home/aria/.config/coc/extensions/coc-sumneko-lua-data/sumneko-lua-ls/extension/server/meta/Lua%205.4%20en-us%20utf8/table.lua
[16:15:30.156][info] [#0:script/workspace/loading.lua:101]: Preload file at: file:///home/aria/.config/coc/extensions/coc-sumneko-lua-data/sumneko-lua-ls/extension/server/meta/Lua%205.4%20en-us%20utf8/coroutine.lua , size = 2.590 KB
[16:15:30.159][info] [#0:script/workspace/loading.lua:113]: ++++As library of:	file:///home/aria/.config/coc/extensions/coc-sumneko-lua-data/sumneko-lua-ls/extension/server/meta/Lua%205.4%20en-us%20utf8/coroutine.lua
[16:15:30.159][info] [#0:script/workspace/loading.lua:98]: Skip loaded file: file:///home/aria/.config/coc/extensions/coc-sumneko-lua-data/sumneko-lua-ls/extension/server/meta/Lua%205.4%20en-us%20utf8/coroutine.lua
[16:15:30.159][info] [#0:script/workspace/loading.lua:101]: Preload file at: file:///home/aria/.config/coc/extensions/coc-sumneko-lua-data/sumneko-lua-ls/extension/server/meta/Lua%205.4%20en-us%20utf8/debug.lua , size = 7.637 KB
[16:15:30.173][info] [#0:script/workspace/loading.lua:113]: ++++As library of:	file:///home/aria/.config/coc/extensions/coc-sumneko-lua-data/sumneko-lua-ls/extension/server/meta/Lua%205.4%20en-us%20utf8/debug.lua
[16:15:30.173][info] [#0:script/workspace/loading.lua:98]: Skip loaded file: file:///home/aria/.config/coc/extensions/coc-sumneko-lua-data/sumneko-lua-ls/extension/server/meta/Lua%205.4%20en-us%20utf8/debug.lua
[16:15:30.174][info] [#0:script/workspace/loading.lua:101]: Preload file at: file:///home/aria/.config/coc/extensions/coc-sumneko-lua-data/sumneko-lua-ls/extension/server/meta/Lua%205.4%20en-us%20utf8/package.lua , size = 2.944 KB
[16:15:30.176][info] [#0:script/workspace/loading.lua:113]: ++++As library of:	file:///home/aria/.config/coc/extensions/coc-sumneko-lua-data/sumneko-lua-ls/extension/server/meta/Lua%205.4%20en-us%20utf8/package.lua
[16:15:30.176][info] [#0:script/workspace/loading.lua:98]: Skip loaded file: file:///home/aria/.config/coc/extensions/coc-sumneko-lua-data/sumneko-lua-ls/extension/server/meta/Lua%205.4%20en-us%20utf8/package.lua
[16:15:30.176][info] [#0:script/workspace/loading.lua:101]: Preload file at: file:///home/aria/.config/coc/extensions/coc-sumneko-lua-data/sumneko-lua-ls/extension/server/meta/Lua%205.4%20en-us%20utf8/utf8.lua , size = 2.386 KB
[16:15:30.179][info] [#0:script/workspace/loading.lua:113]: ++++As library of:	file:///home/aria/.config/coc/extensions/coc-sumneko-lua-data/sumneko-lua-ls/extension/server/meta/Lua%205.4%20en-us%20utf8/utf8.lua
[16:15:30.179][info] [#0:script/workspace/loading.lua:89]: Skip loaded file: file:///home/aria/.config/coc/extensions/coc-sumneko-lua-data/sumneko-lua-ls/extension/server/meta/Lua%205.4%20en-us%20utf8/utf8.lua
[16:15:30.179][info] [#0:script/workspace/loading.lua:113]: ++++As library of:	file:///home/aria/.config/coc/extensions/coc-sumneko-lua-data/sumneko-lua-ls/extension/server/meta/Lua%205.4%20en-us%20utf8/utf8.lua
[16:15:30.179][info] [#0:script/workspace/loading.lua:101]: Preload file at: file:///home/aria/.config/coc/extensions/coc-sumneko-lua-data/sumneko-lua-ls/extension/server/meta/Lua%205.4%20en-us%20utf8/os.lua , size = 4.347 KB
[16:15:30.185][info] [#0:script/workspace/loading.lua:113]: ++++As library of:	file:///home/aria/.config/coc/extensions/coc-sumneko-lua-data/sumneko-lua-ls/extension/server/meta/Lua%205.4%20en-us%20utf8/os.lua
[16:15:30.185][info] [#0:script/workspace/loading.lua:98]: Skip loaded file: file:///home/aria/.config/coc/extensions/coc-sumneko-lua-data/sumneko-lua-ls/extension/server/meta/Lua%205.4%20en-us%20utf8/os.lua
[16:15:30.185][info] [#0:script/workspace/loading.lua:101]: Preload file at: file:///home/aria/.config/coc/extensions/coc-sumneko-lua-data/sumneko-lua-ls/extension/server/meta/Lua%205.4%20en-us%20utf8/io.lua , size = 6.364 KB
[16:15:30.193][info] [#0:script/workspace/loading.lua:113]: ++++As library of:	file:///home/aria/.config/coc/extensions/coc-sumneko-lua-data/sumneko-lua-ls/extension/server/meta/Lua%205.4%20en-us%20utf8/io.lua
[16:15:30.193][info] [#0:script/workspace/loading.lua:98]: Skip loaded file: file:///home/aria/.config/coc/extensions/coc-sumneko-lua-data/sumneko-lua-ls/extension/server/meta/Lua%205.4%20en-us%20utf8/io.lua
[16:15:30.193][info] [#0:script/workspace/loading.lua:101]: Preload file at: file:///home/aria/.config/coc/extensions/coc-sumneko-lua-data/sumneko-lua-ls/extension/server/meta/Lua%205.4%20en-us%20utf8/basic.lua , size = 14.160 KB
[16:15:30.211][info] [#0:script/workspace/loading.lua:113]: ++++As library of:	file:///home/aria/.config/coc/extensions/coc-sumneko-lua-data/sumneko-lua-ls/extension/server/meta/Lua%205.4%20en-us%20utf8/basic.lua
[16:15:30.211][info] [#0:script/workspace/loading.lua:89]: Skip loaded file: file:///home/aria/.config/coc/extensions/coc-sumneko-lua-data/sumneko-lua-ls/extension/server/meta/Lua%205.4%20en-us%20utf8/basic.lua
[16:15:30.211][info] [#0:script/workspace/loading.lua:113]: ++++As library of:	file:///home/aria/.config/coc/extensions/coc-sumneko-lua-data/sumneko-lua-ls/extension/server/meta/Lua%205.4%20en-us%20utf8/basic.lua
[16:15:30.212][info] [#0:script/workspace/loading.lua:101]: Preload file at: file:///home/aria/.config/coc/extensions/coc-sumneko-lua-data/sumneko-lua-ls/extension/server/meta/Lua%205.4%20en-us%20utf8/math.lua , size = 8.731 KB
[16:15:30.222][info] [#0:script/workspace/loading.lua:113]: ++++As library of:	file:///home/aria/.config/coc/extensions/coc-sumneko-lua-data/sumneko-lua-ls/extension/server/meta/Lua%205.4%20en-us%20utf8/math.lua
[16:15:30.222][info] [#0:script/workspace/loading.lua:98]: Skip loaded file: file:///home/aria/.config/coc/extensions/coc-sumneko-lua-data/sumneko-lua-ls/extension/server/meta/Lua%205.4%20en-us%20utf8/math.lua
[16:15:30.222][info] [#0:script/workspace/loading.lua:173]: Loaded files takes [0.096] sec: <fallback>
[16:15:30.222][info] [#0:script/workspace/loading.lua:182]: Compile files takes [0.000] sec: <fallback>
[16:15:30.222][info] [#0:script/workspace/loading.lua:183]: Loaded finish:	<fallback>
[16:15:30.222][info] [#0:script/workspace/workspace.lua:379]: Preload finish at:	<fallback>
[16:15:30.241][warn] [#0:script/proto/proto.lua:129]: Response of [workspace/diagnostic/refresh] error [-32601]: Unhandled method workspace/diagnostic/refresh
[16:15:30.241][info] [#0:script/workspace/loading.lua:173]: Loaded files takes [0.114] sec: file:///mnt/c/Users/darea/Documents/Coding%20Arya/Python/sycpl
[16:15:30.241][info] [#0:script/workspace/loading.lua:182]: Compile files takes [0.000] sec: file:///mnt/c/Users/darea/Documents/Coding%20Arya/Python/sycpl
[16:15:30.241][info] [#0:script/workspace/loading.lua:183]: Loaded finish:	file:///mnt/c/Users/darea/Documents/Coding%20Arya/Python/sycpl
[16:15:30.241][info] [#0:script/workspace/workspace.lua:379]: Preload finish at:	file:///mnt/c/Users/darea/Documents/Coding%20Arya/Python/sycpl
[16:15:30.259][info] [#0:script/provider/diagnostic.lua:557]: Diagnostics scope [file:///mnt/c/Users/darea/Documents/Coding%20Arya/Python/sycpl], files count:[11]
[16:15:30.259][warn] [#0:script/proto/proto.lua:129]: Response of [workspace/diagnostic/refresh] error [-32601]: Unhandled method workspace/diagnostic/refresh
[16:15:30.260][info] [#0:script/provider/diagnostic.lua:574]: Diagnostics scope [file:///mnt/c/Users/darea/Documents/Coding%20Arya/Python/sycpl] finished, takes [0.001] sec.
[16:16:46.894][info] [#0:script/provider/diagnostic.lua:171]: clearDiagnostics	file:///home/aria/.config/nvim/lua/plugins/todo.lua
[16:20:34.368][info] [#0:script/workspace/workspace.lua:282]: Scan files at:	file:///mnt/c/Users/darea/Documents/Coding%20Arya/Python/sycpl/lexer.py
[16:20:34.368][info] [#0:script/workspace/loading.lua:161]: Load files from disk:	file:///mnt/c/Users/darea/Documents/Coding%20Arya/Python/sycpl/lexer.py
[16:20:34.368][info] [#0:script/workspace/loading.lua:173]: Loaded files takes [0.000] sec: file:///mnt/c/Users/darea/Documents/Coding%20Arya/Python/sycpl/lexer.py
[16:20:34.368][info] [#0:script/workspace/loading.lua:182]: Compile files takes [0.000] sec: file:///mnt/c/Users/darea/Documents/Coding%20Arya/Python/sycpl/lexer.py
[16:20:34.368][info] [#0:script/workspace/loading.lua:183]: Loaded finish:	file:///mnt/c/Users/darea/Documents/Coding%20Arya/Python/sycpl/lexer.py
[16:21:57.410][info] [#0:script/workspace/workspace.lua:282]: Scan files at:	file:///mnt/c/Users/darea/Documents/Coding%20Arya/Python/sycpl/lexer.py
[16:21:57.411][info] [#0:script/workspace/loading.lua:161]: Load files from disk:	file:///mnt/c/Users/darea/Documents/Coding%20Arya/Python/sycpl/lexer.py
[16:21:57.411][info] [#0:script/workspace/loading.lua:173]: Loaded files takes [0.000] sec: file:///mnt/c/Users/darea/Documents/Coding%20Arya/Python/sycpl/lexer.py
[16:21:57.411][info] [#0:script/workspace/loading.lua:182]: Compile files takes [0.000] sec: file:///mnt/c/Users/darea/Documents/Coding%20Arya/Python/sycpl/lexer.py
[16:21:57.411][info] [#0:script/workspace/loading.lua:183]: Loaded finish:	file:///mnt/c/Users/darea/Documents/Coding%20Arya/Python/sycpl/lexer.py
[16:25:29.211][info] [#0:script/service/service.lua:144]: 
========= Medical Examination Report =========
    --------------- Memory ---------------
        Total: 7.230 MB
        # 00 : 6.863 MB
        # 01 : 0.050 MB
        # 02 : 0.127 MB
        # 03 : 0.080 MB
        # 04 : 0.110 MB
    --------------- Coroutine ---------------
        Total:     20
        Running:   0
        Suspended: 0
        Normal:    0
        Dead:      20
    --------------- Cache ---------------
        Total: 4
        Dead:  3
    ---------------  RPC  ---------------
        Holdon:   0
        Waiting:  0
==============================================
[16:35:29.309][info] [#0:script/service/service.lua:144]: 
========= Medical Examination Report =========
    --------------- Memory ---------------
        Total: 7.429 MB
        # 00 : 7.063 MB
        # 01 : 0.050 MB
        # 02 : 0.127 MB
        # 03 : 0.080 MB
        # 04 : 0.110 MB
    --------------- Coroutine ---------------
        Total:     8
        Running:   0
        Suspended: 0
        Normal:    0
        Dead:      8
    --------------- Cache ---------------
        Total: 4
        Dead:  3
    ---------------  RPC  ---------------
        Holdon:   0
        Waiting:  0
==============================================
[16:37:58.874][info] [#0:script/workspace/workspace.lua:282]: Scan files at:	file:///mnt/c/Users/darea/Documents/Coding%20Arya/Python/sycpl/lexer.py
[16:37:58.875][info] [#0:script/workspace/loading.lua:161]: Load files from disk:	file:///mnt/c/Users/darea/Documents/Coding%20Arya/Python/sycpl/lexer.py
[16:37:58.875][info] [#0:script/workspace/loading.lua:173]: Loaded files takes [0.000] sec: file:///mnt/c/Users/darea/Documents/Coding%20Arya/Python/sycpl/lexer.py
[16:37:58.875][info] [#0:script/workspace/loading.lua:182]: Compile files takes [0.000] sec: file:///mnt/c/Users/darea/Documents/Coding%20Arya/Python/sycpl/lexer.py
[16:37:58.875][info] [#0:script/workspace/loading.lua:183]: Loaded finish:	file:///mnt/c/Users/darea/Documents/Coding%20Arya/Python/sycpl/lexer.py
[16:38:00.874][info] [#0:script/workspace/workspace.lua:282]: Scan files at:	file:///mnt/c/Users/darea/Documents/Coding%20Arya/Python/sycpl/lexer.py
[16:38:00.874][info] [#0:script/workspace/loading.lua:161]: Load files from disk:	file:///mnt/c/Users/darea/Documents/Coding%20Arya/Python/sycpl/lexer.py
[16:38:00.874][info] [#0:script/workspace/loading.lua:173]: Loaded files takes [0.000] sec: file:///mnt/c/Users/darea/Documents/Coding%20Arya/Python/sycpl/lexer.py
[16:38:00.874][info] [#0:script/workspace/loading.lua:182]: Compile files takes [0.000] sec: file:///mnt/c/Users/darea/Documents/Coding%20Arya/Python/sycpl/lexer.py
[16:38:00.874][info] [#0:script/workspace/loading.lua:183]: Loaded finish:	file:///mnt/c/Users/darea/Documents/Coding%20Arya/Python/sycpl/lexer.py
[16:42:55.009][info] [#0:script/workspace/workspace.lua:282]: Scan files at:	file:///mnt/c/Users/darea/Documents/Coding%20Arya/Python/sycpl/tokens.py
[16:42:55.009][info] [#0:script/workspace/loading.lua:161]: Load files from disk:	file:///mnt/c/Users/darea/Documents/Coding%20Arya/Python/sycpl/tokens.py
[16:42:55.009][info] [#0:script/workspace/loading.lua:173]: Loaded files takes [0.000] sec: file:///mnt/c/Users/darea/Documents/Coding%20Arya/Python/sycpl/tokens.py
[16:42:55.009][info] [#0:script/workspace/loading.lua:182]: Compile files takes [0.000] sec: file:///mnt/c/Users/darea/Documents/Coding%20Arya/Python/sycpl/tokens.py
[16:42:55.009][info] [#0:script/workspace/loading.lua:183]: Loaded finish:	file:///mnt/c/Users/darea/Documents/Coding%20Arya/Python/sycpl/tokens.py
[16:43:56.043][info] [#0:script/workspace/workspace.lua:282]: Scan files at:	file:///mnt/c/Users/darea/Documents/Coding%20Arya/Python/sycpl/tokens.py
[16:43:56.043][info] [#0:script/workspace/loading.lua:161]: Load files from disk:	file:///mnt/c/Users/darea/Documents/Coding%20Arya/Python/sycpl/tokens.py
[16:43:56.043][info] [#0:script/workspace/loading.lua:173]: Loaded files takes [0.000] sec: file:///mnt/c/Users/darea/Documents/Coding%20Arya/Python/sycpl/tokens.py
[16:43:56.043][info] [#0:script/workspace/loading.lua:182]: Compile files takes [0.000] sec: file:///mnt/c/Users/darea/Documents/Coding%20Arya/Python/sycpl/tokens.py
[16:43:56.043][info] [#0:script/workspace/loading.lua:183]: Loaded finish:	file:///mnt/c/Users/darea/Documents/Coding%20Arya/Python/sycpl/tokens.py
[16:45:28.087][info] [#0:script/workspace/workspace.lua:282]: Scan files at:	file:///mnt/c/Users/darea/Documents/Coding%20Arya/Python/sycpl/tokens.py
[16:45:28.087][info] [#0:script/workspace/loading.lua:161]: Load files from disk:	file:///mnt/c/Users/darea/Documents/Coding%20Arya/Python/sycpl/tokens.py
[16:45:28.087][info] [#0:script/workspace/loading.lua:173]: Loaded files takes [0.000] sec: file:///mnt/c/Users/darea/Documents/Coding%20Arya/Python/sycpl/tokens.py
[16:45:28.087][info] [#0:script/workspace/loading.lua:182]: Compile files takes [0.000] sec: file:///mnt/c/Users/darea/Documents/Coding%20Arya/Python/sycpl/tokens.py
[16:45:28.087][info] [#0:script/workspace/loading.lua:183]: Loaded finish:	file:///mnt/c/Users/darea/Documents/Coding%20Arya/Python/sycpl/tokens.py
[16:45:29.385][info] [#0:script/service/service.lua:144]: 
========= Medical Examination Report =========
    --------------- Memory ---------------
        Total: 7.288 MB
        # 00 : 6.922 MB
        # 01 : 0.050 MB
        # 02 : 0.127 MB
        # 03 : 0.080 MB
        # 04 : 0.110 MB
    --------------- Coroutine ---------------
        Total:     44
        Running:   0
        Suspended: 0
        Normal:    0
        Dead:      44
    --------------- Cache ---------------
        Total: 4
        Dead:  3
    ---------------  RPC  ---------------
        Holdon:   0
        Waiting:  0
==============================================
[16:45:55.095][info] [#0:script/workspace/workspace.lua:282]: Scan files at:	file:///mnt/c/Users/darea/Documents/Coding%20Arya/Python/sycpl/lexer.py
[16:45:55.096][info] [#0:script/workspace/loading.lua:161]: Load files from disk:	file:///mnt/c/Users/darea/Documents/Coding%20Arya/Python/sycpl/lexer.py
[16:45:55.096][info] [#0:script/workspace/loading.lua:173]: Loaded files takes [0.000] sec: file:///mnt/c/Users/darea/Documents/Coding%20Arya/Python/sycpl/lexer.py
[16:45:55.096][info] [#0:script/workspace/loading.lua:182]: Compile files takes [0.000] sec: file:///mnt/c/Users/darea/Documents/Coding%20Arya/Python/sycpl/lexer.py
[16:45:55.096][info] [#0:script/workspace/loading.lua:183]: Loaded finish:	file:///mnt/c/Users/darea/Documents/Coding%20Arya/Python/sycpl/lexer.py
[16:46:25.110][info] [#0:script/workspace/workspace.lua:282]: Scan files at:	file:///mnt/c/Users/darea/Documents/Coding%20Arya/Python/sycpl/tokens.py
[16:46:25.111][info] [#0:script/workspace/loading.lua:161]: Load files from disk:	file:///mnt/c/Users/darea/Documents/Coding%20Arya/Python/sycpl/tokens.py
[16:46:25.111][info] [#0:script/workspace/loading.lua:173]: Loaded files takes [0.000] sec: file:///mnt/c/Users/darea/Documents/Coding%20Arya/Python/sycpl/tokens.py
[16:46:25.111][info] [#0:script/workspace/loading.lua:182]: Compile files takes [0.000] sec: file:///mnt/c/Users/darea/Documents/Coding%20Arya/Python/sycpl/tokens.py
[16:46:25.111][info] [#0:script/workspace/loading.lua:183]: Loaded finish:	file:///mnt/c/Users/darea/Documents/Coding%20Arya/Python/sycpl/tokens.py
[16:46:32.118][info] [#0:script/workspace/workspace.lua:282]: Scan files at:	file:///mnt/c/Users/darea/Documents/Coding%20Arya/Python/sycpl/lexer.py
[16:46:32.118][info] [#0:script/workspace/loading.lua:161]: Load files from disk:	file:///mnt/c/Users/darea/Documents/Coding%20Arya/Python/sycpl/lexer.py
[16:46:32.118][info] [#0:script/workspace/loading.lua:173]: Loaded files takes [0.000] sec: file:///mnt/c/Users/darea/Documents/Coding%20Arya/Python/sycpl/lexer.py
[16:46:32.118][info] [#0:script/workspace/loading.lua:182]: Compile files takes [0.000] sec: file:///mnt/c/Users/darea/Documents/Coding%20Arya/Python/sycpl/lexer.py
[16:46:32.118][info] [#0:script/workspace/loading.lua:183]: Loaded finish:	file:///mnt/c/Users/darea/Documents/Coding%20Arya/Python/sycpl/lexer.py
[16:46:43.116][info] [#0:script/workspace/workspace.lua:282]: Scan files at:	file:///mnt/c/Users/darea/Documents/Coding%20Arya/Python/sycpl/lexer.py
[16:46:43.116][info] [#0:script/workspace/loading.lua:161]: Load files from disk:	file:///mnt/c/Users/darea/Documents/Coding%20Arya/Python/sycpl/lexer.py
[16:46:43.117][info] [#0:script/workspace/loading.lua:173]: Loaded files takes [0.000] sec: file:///mnt/c/Users/darea/Documents/Coding%20Arya/Python/sycpl/lexer.py
[16:46:43.117][info] [#0:script/workspace/loading.lua:182]: Compile files takes [0.000] sec: file:///mnt/c/Users/darea/Documents/Coding%20Arya/Python/sycpl/lexer.py
[16:46:43.117][info] [#0:script/workspace/loading.lua:183]: Loaded finish:	file:///mnt/c/Users/darea/Documents/Coding%20Arya/Python/sycpl/lexer.py
[16:47:38.140][info] [#0:script/workspace/workspace.lua:282]: Scan files at:	file:///mnt/c/Users/darea/Documents/Coding%20Arya/Python/sycpl/lexer.py
[16:47:38.140][info] [#0:script/workspace/loading.lua:161]: Load files from disk:	file:///mnt/c/Users/darea/Documents/Coding%20Arya/Python/sycpl/lexer.py
[16:47:38.140][info] [#0:script/workspace/loading.lua:173]: Loaded files takes [0.000] sec: file:///mnt/c/Users/darea/Documents/Coding%20Arya/Python/sycpl/lexer.py
[16:47:38.140][info] [#0:script/workspace/loading.lua:182]: Compile files takes [0.000] sec: file:///mnt/c/Users/darea/Documents/Coding%20Arya/Python/sycpl/lexer.py
[16:47:38.140][info] [#0:script/workspace/loading.lua:183]: Loaded finish:	file:///mnt/c/Users/darea/Documents/Coding%20Arya/Python/sycpl/lexer.py
[16:47:57.153][info] [#0:script/workspace/workspace.lua:282]: Scan files at:	file:///mnt/c/Users/darea/Documents/Coding%20Arya/Python/sycpl/example2.sft
[16:47:57.153][info] [#0:script/workspace/loading.lua:161]: Load files from disk:	file:///mnt/c/Users/darea/Documents/Coding%20Arya/Python/sycpl/example2.sft
[16:47:57.153][info] [#0:script/workspace/loading.lua:173]: Loaded files takes [0.000] sec: file:///mnt/c/Users/darea/Documents/Coding%20Arya/Python/sycpl/example2.sft
[16:47:57.154][info] [#0:script/workspace/loading.lua:182]: Compile files takes [0.000] sec: file:///mnt/c/Users/darea/Documents/Coding%20Arya/Python/sycpl/example2.sft
[16:47:57.154][info] [#0:script/workspace/loading.lua:183]: Loaded finish:	file:///mnt/c/Users/darea/Documents/Coding%20Arya/Python/sycpl/example2.sft
[16:48:01.155][info] [#0:script/workspace/workspace.lua:282]: Scan files at:	file:///mnt/c/Users/darea/Documents/Coding%20Arya/Python/sycpl/example2.sft
[16:48:01.155][info] [#0:script/workspace/loading.lua:161]: Load files from disk:	file:///mnt/c/Users/darea/Documents/Coding%20Arya/Python/sycpl/example2.sft
[16:48:01.155][info] [#0:script/workspace/loading.lua:173]: Loaded files takes [0.000] sec: file:///mnt/c/Users/darea/Documents/Coding%20Arya/Python/sycpl/example2.sft
[16:48:01.155][info] [#0:script/workspace/loading.lua:182]: Compile files takes [0.000] sec: file:///mnt/c/Users/darea/Documents/Coding%20Arya/Python/sycpl/example2.sft
[16:48:01.155][info] [#0:script/workspace/loading.lua:183]: Loaded finish:	file:///mnt/c/Users/darea/Documents/Coding%20Arya/Python/sycpl/example2.sft
[16:55:29.400][info] [#0:script/service/service.lua:144]: 
========= Medical Examination Report =========
    --------------- Memory ---------------
        Total: 7.267 MB
        # 00 : 6.901 MB
        # 01 : 0.050 MB
        # 02 : 0.127 MB
        # 03 : 0.080 MB
        # 04 : 0.110 MB
    --------------- Coroutine ---------------
        Total:     8
        Running:   0
        Suspended: 0
        Normal:    0
        Dead:      8
    --------------- Cache ---------------
        Total: 4
        Dead:  3
    ---------------  RPC  ---------------
        Holdon:   0
        Waiting:  0
==============================================
[17:05:29.405][info] [#0:script/service/service.lua:144]: 
========= Medical Examination Report =========
    --------------- Memory ---------------
        Total: 7.462 MB
        # 00 : 7.095 MB
        # 01 : 0.050 MB
        # 02 : 0.127 MB
        # 03 : 0.080 MB
        # 04 : 0.110 MB
    --------------- Coroutine ---------------
        Total:     8
        Running:   0
        Suspended: 0
        Normal:    0
        Dead:      8
    --------------- Cache ---------------
        Total: 4
        Dead:  3
    ---------------  RPC  ---------------
        Holdon:   0
        Waiting:  0
==============================================
[17:15:29.478][info] [#0:script/service/service.lua:144]: 
========= Medical Examination Report =========
    --------------- Memory ---------------
        Total: 7.018 MB
        # 00 : 6.652 MB
        # 01 : 0.050 MB
        # 02 : 0.127 MB
        # 03 : 0.080 MB
        # 04 : 0.110 MB
    --------------- Coroutine ---------------
        Total:     8
        Running:   0
        Suspended: 0
        Normal:    0
        Dead:      8
    --------------- Cache ---------------
        Total: 4
        Dead:  3
    ---------------  RPC  ---------------
        Holdon:   0
        Waiting:  0
==============================================
[17:25:29.549][info] [#0:script/service/service.lua:144]: 
========= Medical Examination Report =========
    --------------- Memory ---------------
        Total: 7.216 MB
        # 00 : 6.849 MB
        # 01 : 0.050 MB
        # 02 : 0.127 MB
        # 03 : 0.080 MB
        # 04 : 0.110 MB
    --------------- Coroutine ---------------
        Total:     8
        Running:   0
        Suspended: 0
        Normal:    0
        Dead:      8
    --------------- Cache ---------------
        Total: 4
        Dead:  3
    ---------------  RPC  ---------------
        Holdon:   0
        Waiting:  0
==============================================
[17:35:29.614][info] [#0:script/service/service.lua:144]: 
========= Medical Examination Report =========
    --------------- Memory ---------------
        Total: 7.413 MB
        # 00 : 7.046 MB
        # 01 : 0.050 MB
        # 02 : 0.127 MB
        # 03 : 0.080 MB
        # 04 : 0.110 MB
    --------------- Coroutine ---------------
        Total:     8
        Running:   0
        Suspended: 0
        Normal:    0
        Dead:      8
    --------------- Cache ---------------
        Total: 4
        Dead:  3
    ---------------  RPC  ---------------
        Holdon:   0
        Waiting:  0
==============================================
[17:45:29.858][info] [#0:script/service/service.lua:144]: 
========= Medical Examination Report =========
    --------------- Memory ---------------
        Total: 6.969 MB
        # 00 : 6.602 MB
        # 01 : 0.050 MB
        # 02 : 0.127 MB
        # 03 : 0.080 MB
        # 04 : 0.110 MB
    --------------- Coroutine ---------------
        Total:     8
        Running:   0
        Suspended: 0
        Normal:    0
        Dead:      8
    --------------- Cache ---------------
        Total: 4
        Dead:  3
    ---------------  RPC  ---------------
        Holdon:   0
        Waiting:  0
==============================================
[17:55:30.071][info] [#0:script/service/service.lua:144]: 
========= Medical Examination Report =========
    --------------- Memory ---------------
        Total: 7.166 MB
        # 00 : 6.799 MB
        # 01 : 0.050 MB
        # 02 : 0.127 MB
        # 03 : 0.080 MB
        # 04 : 0.110 MB
    --------------- Coroutine ---------------
        Total:     8
        Running:   0
        Suspended: 0
        Normal:    0
        Dead:      8
    --------------- Cache ---------------
        Total: 4
        Dead:  3
    ---------------  RPC  ---------------
        Holdon:   0
        Waiting:  0
==============================================
[17:58:42.154][info] [#0:script/workspace/workspace.lua:282]: Scan files at:	file:///mnt/c/Users/darea/Documents/Coding%20Arya/Python/sycpl/lexer.py
[17:58:42.154][info] [#0:script/workspace/loading.lua:161]: Load files from disk:	file:///mnt/c/Users/darea/Documents/Coding%20Arya/Python/sycpl/lexer.py
[17:58:42.154][info] [#0:script/workspace/loading.lua:173]: Loaded files takes [0.000] sec: file:///mnt/c/Users/darea/Documents/Coding%20Arya/Python/sycpl/lexer.py
[17:58:42.154][info] [#0:script/workspace/loading.lua:182]: Compile files takes [0.000] sec: file:///mnt/c/Users/darea/Documents/Coding%20Arya/Python/sycpl/lexer.py
[17:58:42.154][info] [#0:script/workspace/loading.lua:183]: Loaded finish:	file:///mnt/c/Users/darea/Documents/Coding%20Arya/Python/sycpl/lexer.py
