[21:13:38.730][info] [#0:/home/aria/.config/coc/extensions/coc-sumneko-lua-data/sumneko-lua-ls/extension/server/main.lua:66]: Lua Lsp startup, root: 	/home/aria/.config/coc/extensions/coc-sumneko-lua-data/sumneko-lua-ls/extension/server
[21:13:38.730][info] [#0:/home/aria/.config/coc/extensions/coc-sumneko-lua-data/sumneko-lua-ls/extension/server/main.lua:67]: ROOT:	/home/aria/.config/coc/extensions/coc-sumneko-lua-data/sumneko-lua-ls/extension/server
[21:13:38.730][info] [#0:/home/aria/.config/coc/extensions/coc-sumneko-lua-data/sumneko-lua-ls/extension/server/main.lua:68]: LOGPATH:	/home/aria/.config/coc/extensions/coc-sumneko-lua-data/sumneko-lua-ls/extension/server/log
[21:13:38.730][info] [#0:/home/aria/.config/coc/extensions/coc-sumneko-lua-data/sumneko-lua-ls/extension/server/main.lua:69]: METAPATH:	/home/aria/.config/coc/extensions/coc-sumneko-lua-data/sumneko-lua-ls/extension/server/meta
[21:13:38.730][info] [#0:/home/aria/.config/coc/extensions/coc-sumneko-lua-data/sumneko-lua-ls/extension/server/main.lua:70]: VERSION:	3.6.18
[21:13:38.775][info] [#0:script/service/service.lua:144]: 
========= Medical Examination Report =========
    --------------- Memory ---------------
        Total: 2.092 MB
        # 00 : 2.092 MB
        # 01 : 0.000 MB
        # 02 : 0.000 MB
        # 03 : 0.000 MB
        # 04 : 0.000 MB
    --------------- Coroutine ---------------
        Total:     0
        Running:   0
        Suspended: 0
        Normal:    0
        Dead:      0
    --------------- Cache ---------------
        Total: 1
        Dead:  0
    ---------------  RPC  ---------------
        Holdon:   0
        Waiting:  0
==============================================
[21:13:38.785][info] [#0:script/client.lua:657]: Client init	{
  capabilities = {
    general = {
      markdown = {
        parser = "marked",
        version = "4.0.10"
      },
      positionEncodings = { "utf-16" },
      regularExpressions = {
        engine = "ECMAScript",
        version = "ES2020"
      },
      staleRequestSupport = {
        cancel = true,
        retryOnContentModified = { "textDocument/inlayHint", "textDocument/semanticTokens/full", "textDocument/semanticTokens/range", "textDocument/semanticTokens/full/delta" }
      }
    },
    textDocument = {
      callHierarchy = {
        dynamicRegistration = true
      },
      codeAction = {
        codeActionLiteralSupport = {
          codeActionKind = {
            valueSet = { "", "quickfix", "refactor", "refactor.extract", "refactor.inline", "refactor.rewrite", "source", "source.organizeImports" }
          }
        },
        dataSupport = true,
        disabledSupport = true,
        dynamicRegistration = true,
        honorsChangeAnnotations = false,
        isPreferredSupport = true,
        resolveSupport = {
          properties = { "edit" }
        }
      },
      codeLens = {
        dynamicRegistration = true
      },
      colorProvider = {
        dynamicRegistration = true
      },
      completion = {
        completionItem = {
          commitCharactersSupport = true,
          deprecatedSupport = true,
          documentationFormat = { "markdown", "plaintext" },
          insertReplaceSupport = true,
          insertTextModeSupport = {
            valueSet = { 1, 2 }
          },
          labelDetailsSupport = true,
          preselectSupport = true,
          resolveSupport = {
            properties = { "documentation", "detail", "additionalTextEdits" }
          },
          snippetSupport = true,
          tagSupport = {
            valueSet = { 1 }
          }
        },
        completionItemKind = {
          valueSet = { 1, 2, 3, 4, 5, 6, 7, 8, 9, 10, 11, 12, 13, 14, 15, 16, 17, 18, 19, 20, 21, 22, 23, 24, 25 }
        },
        completionList = {
          itemDefaults = { "commitCharacters", "editRange", "insertTextFormat", "insertTextMode" }
        },
        contextSupport = true,
        dynamicRegistration = true,
        insertTextMode = 2
      },
      declaration = {
        dynamicRegistration = true,
        linkSupport = true
      },
      definition = {
        dynamicRegistration = true,
        linkSupport = true
      },
      diagnostic = {
        dynamicRegistration = true,
        relatedDocumentSupport = true
      },
      documentHighlight = {
        dynamicRegistration = true
      },
      documentLink = {
        dynamicRegistration = true,
        tooltipSupport = true
      },
      documentSymbol = {
        dynamicRegistration = true,
        hierarchicalDocumentSymbolSupport = true,
        labelSupport = true,
        symbolKind = {
          valueSet = { 1, 2, 3, 4, 5, 6, 7, 8, 9, 10, 11, 12, 13, 14, 15, 16, 17, 18, 19, 20, 21, 22, 23, 24, 25, 26 }
        },
        tagSupport = {
          valueSet = { 1 }
        }
      },
      foldingRange = {
        dynamicRegistration = true,
        foldingRange = {
          collapsedText = false
        },
        foldingRangeKind = {
          valueSet = { "comment", "imports", "region" }
        },
        lineFoldingOnly = true,
        rangeLimit = 5000
      },
      formatting = {
        dynamicRegistration = true
      },
      hover = {
        contentFormat = { "markdown", "plaintext" },
        dynamicRegistration = true
      },
      implementation = {
        dynamicRegistration = true,
        linkSupport = true
      },
      inlayHint = {
        dynamicRegistration = true,
        resolveSupport = {
          properties = { "tooltip", "textEdits", "label.tooltip", "label.location", "label.command" }
        }
      },
      inlineValue = {
        dynamicRegistration = true
      },
      linkedEditingRange = {
        dynamicRegistration = true
      },
      onTypeFormatting = {
        dynamicRegistration = true
      },
      publishDiagnostics = {
        codeDescriptionSupport = true,
        dataSupport = true,
        relatedInformation = true,
        tagSupport = {
          valueSet = { 1, 2 }
        },
        versionSupport = true
      },
      rangeFormatting = {
        dynamicRegistration = true
      },
      references = {
        dynamicRegistration = true
      },
      rename = {
        dynamicRegistration = true,
        honorsChangeAnnotations = true,
        prepareSupport = true,
        prepareSupportDefaultBehavior = 1
      },
      selectionRange = {
        dynamicRegistration = true
      },
      semanticTokens = {
        augmentsSyntaxTokens = true,
        dynamicRegistration = true,
        formats = { "relative" },
        multilineTokenSupport = false,
        overlappingTokenSupport = false,
        requests = {
          full = {
            delta = true
          },
          range = true
        },
        serverCancelSupport = true,
        tokenModifiers = { "declaration", "definition", "readonly", "static", "deprecated", "abstract", "async", "modification", "documentation", "defaultLibrary" },
        tokenTypes = { "namespace", "type", "class", "enum", "interface", "struct", "typeParameter", "parameter", "variable", "property", "enumMember", "event", "function", "method", "macro", "keyword", "modifier", "comment", "string", "number", "regexp", "decorator", "operator" }
      },
      signatureHelp = {
        contextSupport = true,
        dynamicRegistration = true,
        signatureInformation = {
          activeParameterSupport = true,
          documentationFormat = { "markdown", "plaintext" },
          parameterInformation = {
            labelOffsetSupport = true
          }
        }
      },
      synchronization = {
        didSave = true,
        dynamicRegistration = true,
        willSave = true,
        willSaveWaitUntil = true
      },
      typeDefinition = {
        dynamicRegistration = true,
        linkSupport = true
      },
      typeHierarchy = {
        dynamicRegistration = true
      }
    },
    window = {
      showDocument = {
        support = true
      },
      showMessage = {
        messageActionItem = {
          additionalPropertiesSupport = true
        }
      },
      workDoneProgress = true
    },
    workspace = {
      applyEdit = true,
      codeLens = {
        refreshSupport = true
      },
      configuration = true,
      diagnostics = {
        refreshSupport = true
      },
      didChangeConfiguration = {
        dynamicRegistration = true
      },
      didChangeWatchedFiles = {
        dynamicRegistration = true,
        relativePatternSupport = true
      },
      executeCommand = {
        dynamicRegistration = true
      },
      fileOperations = {
        didCreate = true,
        didDelete = true,
        didRename = true,
        dynamicRegistration = true,
        willCreate = true,
        willDelete = true,
        willRename = true
      },
      inlayHint = {
        refreshSupport = true
      },
      inlineValue = {
        refreshSupport = true
      },
      semanticTokens = {
        refreshSupport = true
      },
      symbol = {
        dynamicRegistration = true,
        resolveSupport = {
          properties = { "location.range" }
        },
        symbolKind = {
          valueSet = { 1, 2, 3, 4, 5, 6, 7, 8, 9, 10, 11, 12, 13, 14, 15, 16, 17, 18, 19, 20, 21, 22, 23, 24, 25, 26 }
        },
        tagSupport = {
          valueSet = { 1 }
        }
      },
      workspaceEdit = {
        changeAnnotationSupport = {
          groupsOnLabel = false
        },
        documentChanges = true,
        failureHandling = "undo",
        normalizesLineEndings = true,
        resourceOperations = { "create", "rename", "delete" }
      },
      workspaceFolders = true
    }
  },
  clientInfo = {
    name = "coc.nvim",
    version = "0.0.82"
  },
  initializationOptions = {
    changeConfiguration = true
  },
  locale = "en_US",
  processId = 7617,
  rootPath = "/mnt/c/Users/darea/Documents/Coding Arya/JS/starter-task",
  rootUri = "file:///mnt/c/Users/darea/Documents/Coding%20Arya/JS/starter-task",
  trace = "off",
  workDoneToken = "66d8ddd5-d49c-45f9-ae71-80ca4b94deb9",
  workspaceFolders = { {
      name = "starter-task",
      uri = "file:///mnt/c/Users/darea/Documents/Coding%20Arya/JS/starter-task"
    } }
}
[21:13:38.785][info] [#0:script/language.lua:137]: VSC language: en-us
[21:13:38.785][info] [#0:script/language.lua:138]: LS  language: en-us
[21:13:38.785][info] [#0:script/workspace/workspace.lua:38]: Workspace init root: 	file:///mnt/c/Users/darea/Documents/Coding%20Arya/JS/starter-task
[21:13:38.786][info] [#0:script/workspace/workspace.lua:42]: Log path: 	/home/aria/.config/coc/extensions/coc-sumneko-lua-data/sumneko-lua-ls/extension/server/log/file_mnt_c_Users_darea_Documents_Coding%20Arya_JS_starter-task.log
[21:13:38.787][info] [#0:script/workspace/workspace.lua:48]: Workspace create: 	file:///mnt/c/Users/darea/Documents/Coding%20Arya/JS/starter-task
[21:13:38.991][info] [#0:script/provider/provider.lua:46]: Load config from client	file:///mnt/c/Users/darea/Documents/Coding%20Arya/JS/starter-task
[21:13:38.993][info] [#0:script/provider/provider.lua:47]: {
  Lua = {
    codeLens = {
      enable = false
    },
    completion = {
      autoRequire = true,
      callSnippet = "Disable",
      displayContext = 0,
      enable = true,
      keywordSnippet = "Replace",
      postfix = "@",
      requireSeparator = ".",
      showParams = true,
      showWord = "Fallback",
      workspaceWord = true
    },
    diagnostics = {
      disable = {},
      disableScheme = { "git" },
      enable = true,
      globals = {},
      groupFileStatus = {},
      groupSeverity = {},
      ignoredFiles = "Opened",
      libraryFiles = "Opened",
      neededFileStatus = {},
      severity = {},
      unusedLocalExclude = {},
      workspaceDelay = 3000,
      workspaceEvent = "OnSave",
      workspaceRate = 100
    },
    doc = {
      packageName = {},
      privateName = {},
      protectedName = {}
    },
    format = {
      defaultConfig = {},
      enable = true
    },
    hint = {
      arrayIndex = "Auto",
      await = true,
      enable = true,
      paramName = "All",
      paramType = true,
      semicolon = "SameLine",
      setType = false
    },
    hover = {
      enable = true,
      enumsLimit = 5,
      expandAlias = true,
      previewFields = 50,
      viewNumber = true,
      viewString = true,
      viewStringMax = 1000
    },
    misc = {
      executablePath = "",
      parameters = {}
    },
    runtime = {
      builtin = {},
      fileEncoding = "utf8",
      meta = "${version} ${language} ${encoding}",
      nonstandardSymbol = {},
      path = { "?.lua", "?/init.lua" },
      pathStrict = false,
      plugin = "",
      pluginArgs = {},
      special = {},
      unicodeName = false,
      version = "Lua 5.4"
    },
    semantic = {
      annotation = true,
      enable = true,
      keyword = false,
      variable = true
    },
    signatureHelp = {
      enable = true
    },
    spell = {
      dict = {}
    },
    type = {
      castNumberToInteger = true,
      weakNilCheck = false,
      weakUnionCheck = false
    },
    typeFormat = {
      config = {}
    },
    window = {
      progressBar = true,
      statusBar = true
    },
    workspace = {
      checkThirdParty = true,
      ignoreDir = { ".vscode" },
      ignoreSubmodules = true,
      library = {},
      maxPreload = 5000,
      preloadFileSize = 500,
      useGitIgnore = true,
      userThirdParty = {}
    }
  }
}
[21:13:39.097][info] [#0:script/provider/completion.lua:43]: Enable completion.
[21:13:39.098][info] [#0:script/provider/provider.lua:61]: Load config from client	fallback
[21:13:39.100][info] [#0:script/provider/provider.lua:62]: {
  Lua = {
    codeLens = {
      enable = false
    },
    completion = {
      autoRequire = true,
      callSnippet = "Disable",
      displayContext = 0,
      enable = true,
      keywordSnippet = "Replace",
      postfix = "@",
      requireSeparator = ".",
      showParams = true,
      showWord = "Fallback",
      workspaceWord = true
    },
    diagnostics = {
      disable = {},
      disableScheme = { "git" },
      enable = true,
      globals = {},
      groupFileStatus = {},
      groupSeverity = {},
      ignoredFiles = "Opened",
      libraryFiles = "Opened",
      neededFileStatus = {},
      severity = {},
      unusedLocalExclude = {},
      workspaceDelay = 3000,
      workspaceEvent = "OnSave",
      workspaceRate = 100
    },
    doc = {
      packageName = {},
      privateName = {},
      protectedName = {}
    },
    format = {
      defaultConfig = {},
      enable = true
    },
    hint = {
      arrayIndex = "Auto",
      await = true,
      enable = true,
      paramName = "All",
      paramType = true,
      semicolon = "SameLine",
      setType = false
    },
    hover = {
      enable = true,
      enumsLimit = 5,
      expandAlias = true,
      previewFields = 50,
      viewNumber = true,
      viewString = true,
      viewStringMax = 1000
    },
    misc = {
      executablePath = "",
      parameters = {}
    },
    runtime = {
      builtin = {},
      fileEncoding = "utf8",
      meta = "${version} ${language} ${encoding}",
      nonstandardSymbol = {},
      path = { "?.lua", "?/init.lua" },
      pathStrict = false,
      plugin = "",
      pluginArgs = {},
      special = {},
      unicodeName = false,
      version = "Lua 5.4"
    },
    semantic = {
      annotation = true,
      enable = true,
      keyword = false,
      variable = true
    },
    signatureHelp = {
      enable = true
    },
    spell = {
      dict = {}
    },
    type = {
      castNumberToInteger = true,
      weakNilCheck = false,
      weakUnionCheck = false
    },
    typeFormat = {
      config = {}
    },
    window = {
      progressBar = true,
      statusBar = true
    },
    workspace = {
      checkThirdParty = true,
      ignoreDir = { ".vscode" },
      ignoreSubmodules = true,
      library = {},
      maxPreload = 5000,
      preloadFileSize = 500,
      useGitIgnore = true,
      userThirdParty = {}
    }
  }
}
[21:13:39.201][info] [#0:script/library.lua:212]: Init builtin library at:	file:///mnt/c/Users/darea/Documents/Coding%20Arya/JS/starter-task
[21:13:39.229][info] [#0:script/plugin.lua:86]: plugin path:	/mnt/c/Users/darea/Documents/Coding Arya/JS/starter-task
[21:13:39.230][warn] [#0:script/plugin.lua:101]: plugin not found:	/mnt/c/Users/darea/Documents/Coding Arya/JS/starter-task
[21:13:39.231][info] [#0:script/library.lua:212]: Init builtin library at:	nil
[21:13:39.353][info] [#0:script/workspace/workspace.lua:322]: Preload start:	file:///mnt/c/Users/darea/Documents/Coding%20Arya/JS/starter-task
[21:13:39.369][info] [#0:script/workspace/workspace.lua:328]: Scan files at:	file:///mnt/c/Users/darea/Documents/Coding%20Arya/JS/starter-task
[21:13:39.393][info] [#0:script/workspace/workspace.lua:322]: Preload start:	<fallback>
[21:13:39.398][info] [#0:script/workspace/workspace.lua:351]: Scan library at:	file:///home/aria/.config/coc/extensions/coc-sumneko-lua-data/sumneko-lua-ls/extension/server/meta/Lua%205.4%20en-us%20utf8/math.lua
[21:13:39.398][info] [#0:script/workspace/workspace.lua:351]: Scan library at:	file:///home/aria/.config/coc/extensions/coc-sumneko-lua-data/sumneko-lua-ls/extension/server/meta/Lua%205.4%20en-us%20utf8/basic.lua
[21:13:39.398][info] [#0:script/workspace/workspace.lua:351]: Scan library at:	file:///home/aria/.config/coc/extensions/coc-sumneko-lua-data/sumneko-lua-ls/extension/server/meta/Lua%205.4%20en-us%20utf8/io.lua
[21:13:39.399][info] [#0:script/workspace/workspace.lua:351]: Scan library at:	file:///home/aria/.config/coc/extensions/coc-sumneko-lua-data/sumneko-lua-ls/extension/server/meta/Lua%205.4%20en-us%20utf8/math.lua
[21:13:39.399][info] [#0:script/workspace/workspace.lua:351]: Scan library at:	file:///home/aria/.config/coc/extensions/coc-sumneko-lua-data/sumneko-lua-ls/extension/server/meta/Lua%205.4%20en-us%20utf8/os.lua
[21:13:39.399][info] [#0:script/workspace/workspace.lua:351]: Scan library at:	file:///home/aria/.config/coc/extensions/coc-sumneko-lua-data/sumneko-lua-ls/extension/server/meta/Lua%205.4%20en-us%20utf8/basic.lua
[21:13:39.399][info] [#0:script/workspace/workspace.lua:351]: Scan library at:	file:///home/aria/.config/coc/extensions/coc-sumneko-lua-data/sumneko-lua-ls/extension/server/meta/Lua%205.4%20en-us%20utf8/utf8.lua
[21:13:39.399][info] [#0:script/workspace/workspace.lua:351]: Scan library at:	file:///home/aria/.config/coc/extensions/coc-sumneko-lua-data/sumneko-lua-ls/extension/server/meta/Lua%205.4%20en-us%20utf8/io.lua
[21:13:39.399][info] [#0:script/workspace/workspace.lua:351]: Scan library at:	file:///home/aria/.config/coc/extensions/coc-sumneko-lua-data/sumneko-lua-ls/extension/server/meta/Lua%205.4%20en-us%20utf8/package.lua
[21:13:39.400][info] [#0:script/workspace/workspace.lua:351]: Scan library at:	file:///home/aria/.config/coc/extensions/coc-sumneko-lua-data/sumneko-lua-ls/extension/server/meta/Lua%205.4%20en-us%20utf8/os.lua
[21:13:39.400][info] [#0:script/workspace/workspace.lua:351]: Scan library at:	file:///home/aria/.config/coc/extensions/coc-sumneko-lua-data/sumneko-lua-ls/extension/server/meta/Lua%205.4%20en-us%20utf8/debug.lua
[21:13:39.400][info] [#0:script/workspace/workspace.lua:351]: Scan library at:	file:///home/aria/.config/coc/extensions/coc-sumneko-lua-data/sumneko-lua-ls/extension/server/meta/Lua%205.4%20en-us%20utf8/utf8.lua
[21:13:39.400][info] [#0:script/workspace/workspace.lua:351]: Scan library at:	file:///home/aria/.config/coc/extensions/coc-sumneko-lua-data/sumneko-lua-ls/extension/server/meta/Lua%205.4%20en-us%20utf8/coroutine.lua
[21:13:39.400][info] [#0:script/workspace/workspace.lua:351]: Scan library at:	file:///home/aria/.config/coc/extensions/coc-sumneko-lua-data/sumneko-lua-ls/extension/server/meta/Lua%205.4%20en-us%20utf8/package.lua
[21:13:39.400][info] [#0:script/workspace/workspace.lua:351]: Scan library at:	file:///home/aria/.config/coc/extensions/coc-sumneko-lua-data/sumneko-lua-ls/extension/server/meta/Lua%205.4%20en-us%20utf8/table.lua
[21:13:39.402][info] [#0:script/workspace/workspace.lua:351]: Scan library at:	file:///home/aria/.config/coc/extensions/coc-sumneko-lua-data/sumneko-lua-ls/extension/server/meta/Lua%205.4%20en-us%20utf8/debug.lua
[21:13:39.402][info] [#0:script/workspace/workspace.lua:351]: Scan library at:	file:///home/aria/.config/coc/extensions/coc-sumneko-lua-data/sumneko-lua-ls/extension/server/meta/Lua%205.4%20en-us%20utf8/builtin.lua
[21:13:39.402][info] [#0:script/workspace/workspace.lua:351]: Scan library at:	file:///home/aria/.config/coc/extensions/coc-sumneko-lua-data/sumneko-lua-ls/extension/server/meta/Lua%205.4%20en-us%20utf8/coroutine.lua
[21:13:39.403][info] [#0:script/workspace/workspace.lua:351]: Scan library at:	file:///home/aria/.config/coc/extensions/coc-sumneko-lua-data/sumneko-lua-ls/extension/server/meta/Lua%205.4%20en-us%20utf8/string.lua
[21:13:39.403][info] [#0:script/workspace/workspace.lua:351]: Scan library at:	file:///home/aria/.config/coc/extensions/coc-sumneko-lua-data/sumneko-lua-ls/extension/server/meta/Lua%205.4%20en-us%20utf8/table.lua
[21:13:39.403][info] [#0:script/workspace/workspace.lua:351]: Scan library at:	file:///home/aria/.config/coc/extensions/coc-sumneko-lua-data/sumneko-lua-ls/extension/server/meta/Lua%205.4%20en-us%20utf8/builtin.lua
[21:13:39.403][info] [#0:script/workspace/workspace.lua:351]: Scan library at:	file:///home/aria/.config/coc/extensions/coc-sumneko-lua-data/sumneko-lua-ls/extension/server/meta/Lua%205.4%20en-us%20utf8/string.lua
[21:13:39.504][info] [#0:script/workspace/workspace.lua:377]: Found 11 files at:	<fallback>
[21:13:39.504][info] [#0:script/workspace/loading.lua:161]: Load files from disk:	<fallback>
[21:13:39.504][info] [#0:script/workspace/workspace.lua:377]: Found 11 files at:	file:///mnt/c/Users/darea/Documents/Coding%20Arya/JS/starter-task
[21:13:39.504][info] [#0:script/workspace/loading.lua:161]: Load files from disk:	file:///mnt/c/Users/darea/Documents/Coding%20Arya/JS/starter-task
[21:13:39.506][info] [#0:script/workspace/loading.lua:101]: Preload file at: file:///home/aria/.config/coc/extensions/coc-sumneko-lua-data/sumneko-lua-ls/extension/server/meta/Lua%205.4%20en-us%20utf8/string.lua , size = 6.302 KB
[21:13:39.518][info] [#0:script/workspace/loading.lua:113]: ++++As library of:	file:///home/aria/.config/coc/extensions/coc-sumneko-lua-data/sumneko-lua-ls/extension/server/meta/Lua%205.4%20en-us%20utf8/string.lua
[21:13:39.518][info] [#0:script/workspace/loading.lua:98]: Skip loaded file: file:///home/aria/.config/coc/extensions/coc-sumneko-lua-data/sumneko-lua-ls/extension/server/meta/Lua%205.4%20en-us%20utf8/string.lua
[21:13:39.519][info] [#0:script/workspace/loading.lua:101]: Preload file at: file:///home/aria/.config/coc/extensions/coc-sumneko-lua-data/sumneko-lua-ls/extension/server/meta/Lua%205.4%20en-us%20utf8/builtin.lua , size = 0.302 KB
[21:13:39.520][info] [#0:script/workspace/loading.lua:113]: ++++As library of:	file:///home/aria/.config/coc/extensions/coc-sumneko-lua-data/sumneko-lua-ls/extension/server/meta/Lua%205.4%20en-us%20utf8/builtin.lua
[21:13:39.520][info] [#0:script/workspace/loading.lua:89]: Skip loaded file: file:///home/aria/.config/coc/extensions/coc-sumneko-lua-data/sumneko-lua-ls/extension/server/meta/Lua%205.4%20en-us%20utf8/builtin.lua
[21:13:39.520][info] [#0:script/workspace/loading.lua:113]: ++++As library of:	file:///home/aria/.config/coc/extensions/coc-sumneko-lua-data/sumneko-lua-ls/extension/server/meta/Lua%205.4%20en-us%20utf8/builtin.lua
[21:13:39.520][info] [#0:script/workspace/loading.lua:101]: Preload file at: file:///home/aria/.config/coc/extensions/coc-sumneko-lua-data/sumneko-lua-ls/extension/server/meta/Lua%205.4%20en-us%20utf8/table.lua , size = 4.230 KB
[21:13:39.526][info] [#0:script/workspace/loading.lua:113]: ++++As library of:	file:///home/aria/.config/coc/extensions/coc-sumneko-lua-data/sumneko-lua-ls/extension/server/meta/Lua%205.4%20en-us%20utf8/table.lua
[21:13:39.526][info] [#0:script/workspace/loading.lua:98]: Skip loaded file: file:///home/aria/.config/coc/extensions/coc-sumneko-lua-data/sumneko-lua-ls/extension/server/meta/Lua%205.4%20en-us%20utf8/table.lua
[21:13:39.526][info] [#0:script/workspace/loading.lua:101]: Preload file at: file:///home/aria/.config/coc/extensions/coc-sumneko-lua-data/sumneko-lua-ls/extension/server/meta/Lua%205.4%20en-us%20utf8/coroutine.lua , size = 2.590 KB
[21:13:39.529][info] [#0:script/workspace/loading.lua:113]: ++++As library of:	file:///home/aria/.config/coc/extensions/coc-sumneko-lua-data/sumneko-lua-ls/extension/server/meta/Lua%205.4%20en-us%20utf8/coroutine.lua
[21:13:39.529][info] [#0:script/workspace/loading.lua:89]: Skip loaded file: file:///home/aria/.config/coc/extensions/coc-sumneko-lua-data/sumneko-lua-ls/extension/server/meta/Lua%205.4%20en-us%20utf8/coroutine.lua
[21:13:39.529][info] [#0:script/workspace/loading.lua:113]: ++++As library of:	file:///home/aria/.config/coc/extensions/coc-sumneko-lua-data/sumneko-lua-ls/extension/server/meta/Lua%205.4%20en-us%20utf8/coroutine.lua
[21:13:39.530][info] [#0:script/workspace/loading.lua:101]: Preload file at: file:///home/aria/.config/coc/extensions/coc-sumneko-lua-data/sumneko-lua-ls/extension/server/meta/Lua%205.4%20en-us%20utf8/debug.lua , size = 7.637 KB
[21:13:39.544][info] [#0:script/workspace/loading.lua:113]: ++++As library of:	file:///home/aria/.config/coc/extensions/coc-sumneko-lua-data/sumneko-lua-ls/extension/server/meta/Lua%205.4%20en-us%20utf8/debug.lua
[21:13:39.545][info] [#0:script/workspace/loading.lua:98]: Skip loaded file: file:///home/aria/.config/coc/extensions/coc-sumneko-lua-data/sumneko-lua-ls/extension/server/meta/Lua%205.4%20en-us%20utf8/debug.lua
[21:13:39.545][info] [#0:script/workspace/loading.lua:101]: Preload file at: file:///home/aria/.config/coc/extensions/coc-sumneko-lua-data/sumneko-lua-ls/extension/server/meta/Lua%205.4%20en-us%20utf8/package.lua , size = 2.944 KB
[21:13:39.548][info] [#0:script/workspace/loading.lua:113]: ++++As library of:	file:///home/aria/.config/coc/extensions/coc-sumneko-lua-data/sumneko-lua-ls/extension/server/meta/Lua%205.4%20en-us%20utf8/package.lua
[21:13:39.548][info] [#0:script/workspace/loading.lua:98]: Skip loaded file: file:///home/aria/.config/coc/extensions/coc-sumneko-lua-data/sumneko-lua-ls/extension/server/meta/Lua%205.4%20en-us%20utf8/package.lua
[21:13:39.548][info] [#0:script/workspace/loading.lua:101]: Preload file at: file:///home/aria/.config/coc/extensions/coc-sumneko-lua-data/sumneko-lua-ls/extension/server/meta/Lua%205.4%20en-us%20utf8/utf8.lua , size = 2.386 KB
[21:13:39.551][info] [#0:script/workspace/loading.lua:113]: ++++As library of:	file:///home/aria/.config/coc/extensions/coc-sumneko-lua-data/sumneko-lua-ls/extension/server/meta/Lua%205.4%20en-us%20utf8/utf8.lua
[21:13:39.551][info] [#0:script/workspace/loading.lua:89]: Skip loaded file: file:///home/aria/.config/coc/extensions/coc-sumneko-lua-data/sumneko-lua-ls/extension/server/meta/Lua%205.4%20en-us%20utf8/utf8.lua
[21:13:39.551][info] [#0:script/workspace/loading.lua:113]: ++++As library of:	file:///home/aria/.config/coc/extensions/coc-sumneko-lua-data/sumneko-lua-ls/extension/server/meta/Lua%205.4%20en-us%20utf8/utf8.lua
[21:13:39.551][info] [#0:script/workspace/loading.lua:101]: Preload file at: file:///home/aria/.config/coc/extensions/coc-sumneko-lua-data/sumneko-lua-ls/extension/server/meta/Lua%205.4%20en-us%20utf8/os.lua , size = 4.347 KB
[21:13:39.556][info] [#0:script/workspace/loading.lua:113]: ++++As library of:	file:///home/aria/.config/coc/extensions/coc-sumneko-lua-data/sumneko-lua-ls/extension/server/meta/Lua%205.4%20en-us%20utf8/os.lua
[21:13:39.557][info] [#0:script/workspace/loading.lua:98]: Skip loaded file: file:///home/aria/.config/coc/extensions/coc-sumneko-lua-data/sumneko-lua-ls/extension/server/meta/Lua%205.4%20en-us%20utf8/os.lua
[21:13:39.557][info] [#0:script/workspace/loading.lua:101]: Preload file at: file:///home/aria/.config/coc/extensions/coc-sumneko-lua-data/sumneko-lua-ls/extension/server/meta/Lua%205.4%20en-us%20utf8/io.lua , size = 6.364 KB
[21:13:39.564][info] [#0:script/workspace/loading.lua:113]: ++++As library of:	file:///home/aria/.config/coc/extensions/coc-sumneko-lua-data/sumneko-lua-ls/extension/server/meta/Lua%205.4%20en-us%20utf8/io.lua
[21:13:39.565][info] [#0:script/workspace/loading.lua:89]: Skip loaded file: file:///home/aria/.config/coc/extensions/coc-sumneko-lua-data/sumneko-lua-ls/extension/server/meta/Lua%205.4%20en-us%20utf8/io.lua
[21:13:39.565][info] [#0:script/workspace/loading.lua:113]: ++++As library of:	file:///home/aria/.config/coc/extensions/coc-sumneko-lua-data/sumneko-lua-ls/extension/server/meta/Lua%205.4%20en-us%20utf8/io.lua
[21:13:39.565][info] [#0:script/workspace/loading.lua:101]: Preload file at: file:///home/aria/.config/coc/extensions/coc-sumneko-lua-data/sumneko-lua-ls/extension/server/meta/Lua%205.4%20en-us%20utf8/basic.lua , size = 14.160 KB
[21:13:39.583][info] [#0:script/workspace/loading.lua:113]: ++++As library of:	file:///home/aria/.config/coc/extensions/coc-sumneko-lua-data/sumneko-lua-ls/extension/server/meta/Lua%205.4%20en-us%20utf8/basic.lua
[21:13:39.583][info] [#0:script/workspace/loading.lua:98]: Skip loaded file: file:///home/aria/.config/coc/extensions/coc-sumneko-lua-data/sumneko-lua-ls/extension/server/meta/Lua%205.4%20en-us%20utf8/basic.lua
[21:13:39.583][info] [#0:script/workspace/loading.lua:101]: Preload file at: file:///home/aria/.config/coc/extensions/coc-sumneko-lua-data/sumneko-lua-ls/extension/server/meta/Lua%205.4%20en-us%20utf8/math.lua , size = 8.731 KB
[21:13:39.594][info] [#0:script/workspace/loading.lua:113]: ++++As library of:	file:///home/aria/.config/coc/extensions/coc-sumneko-lua-data/sumneko-lua-ls/extension/server/meta/Lua%205.4%20en-us%20utf8/math.lua
[21:13:39.594][info] [#0:script/workspace/loading.lua:89]: Skip loaded file: file:///home/aria/.config/coc/extensions/coc-sumneko-lua-data/sumneko-lua-ls/extension/server/meta/Lua%205.4%20en-us%20utf8/math.lua
[21:13:39.594][info] [#0:script/workspace/loading.lua:113]: ++++As library of:	file:///home/aria/.config/coc/extensions/coc-sumneko-lua-data/sumneko-lua-ls/extension/server/meta/Lua%205.4%20en-us%20utf8/math.lua
[21:13:39.594][info] [#0:script/workspace/loading.lua:173]: Loaded files takes [0.091] sec: <fallback>
[21:13:39.594][info] [#0:script/workspace/loading.lua:182]: Compile files takes [0.000] sec: <fallback>
[21:13:39.594][info] [#0:script/workspace/loading.lua:183]: Loaded finish:	<fallback>
[21:13:39.594][info] [#0:script/workspace/workspace.lua:379]: Preload finish at:	<fallback>
[21:13:39.606][info] [#0:script/workspace/loading.lua:173]: Loaded files takes [0.103] sec: file:///mnt/c/Users/darea/Documents/Coding%20Arya/JS/starter-task
[21:13:39.606][info] [#0:script/workspace/loading.lua:182]: Compile files takes [0.000] sec: file:///mnt/c/Users/darea/Documents/Coding%20Arya/JS/starter-task
[21:13:39.606][info] [#0:script/workspace/loading.lua:183]: Loaded finish:	file:///mnt/c/Users/darea/Documents/Coding%20Arya/JS/starter-task
[21:13:39.606][info] [#0:script/workspace/workspace.lua:379]: Preload finish at:	file:///mnt/c/Users/darea/Documents/Coding%20Arya/JS/starter-task
[21:13:39.612][info] [#0:script/provider/diagnostic.lua:557]: Diagnostics scope [file:///mnt/c/Users/darea/Documents/Coding%20Arya/JS/starter-task], files count:[11]
[21:13:39.613][warn] [#0:script/proto/proto.lua:129]: Response of [workspace/diagnostic/refresh] error [-32601]: Unhandled method workspace/diagnostic/refresh
[21:13:39.613][warn] [#0:script/proto/proto.lua:129]: Response of [workspace/diagnostic/refresh] error [-32601]: Unhandled method workspace/diagnostic/refresh
[21:13:39.614][info] [#0:script/provider/diagnostic.lua:574]: Diagnostics scope [file:///mnt/c/Users/darea/Documents/Coding%20Arya/JS/starter-task] finished, takes [0.002] sec.
[21:15:29.843][info] [#0:script/workspace/workspace.lua:282]: Scan files at:	file:///mnt/c/Users/darea/Documents/Coding%20Arya/JS/starter-task/index.js
[21:15:29.846][info] [#0:script/workspace/loading.lua:161]: Load files from disk:	file:///mnt/c/Users/darea/Documents/Coding%20Arya/JS/starter-task/index.js
[21:15:29.846][info] [#0:script/workspace/loading.lua:173]: Loaded files takes [0.000] sec: file:///mnt/c/Users/darea/Documents/Coding%20Arya/JS/starter-task/index.js
[21:15:29.846][info] [#0:script/workspace/loading.lua:182]: Compile files takes [0.000] sec: file:///mnt/c/Users/darea/Documents/Coding%20Arya/JS/starter-task/index.js
[21:15:29.846][info] [#0:script/workspace/loading.lua:183]: Loaded finish:	file:///mnt/c/Users/darea/Documents/Coding%20Arya/JS/starter-task/index.js
[21:15:38.845][info] [#0:script/workspace/workspace.lua:282]: Scan files at:	file:///mnt/c/Users/darea/Documents/Coding%20Arya/JS/starter-task/index.js
[21:15:38.846][info] [#0:script/workspace/loading.lua:161]: Load files from disk:	file:///mnt/c/Users/darea/Documents/Coding%20Arya/JS/starter-task/index.js
[21:15:38.847][info] [#0:script/workspace/loading.lua:173]: Loaded files takes [0.000] sec: file:///mnt/c/Users/darea/Documents/Coding%20Arya/JS/starter-task/index.js
[21:15:38.847][info] [#0:script/workspace/loading.lua:182]: Compile files takes [0.000] sec: file:///mnt/c/Users/darea/Documents/Coding%20Arya/JS/starter-task/index.js
[21:15:38.847][info] [#0:script/workspace/loading.lua:183]: Loaded finish:	file:///mnt/c/Users/darea/Documents/Coding%20Arya/JS/starter-task/index.js
